d:\prv-desktop\user\documents\github\retroduke\win\bin\game.bsc
d:\prv-desktop\user\documents\github\retroduke\win\game\debugvc7\vc142.pdb
d:\prv-desktop\user\documents\github\retroduke\win\game\debugvc7\vc142.idb
d:\prv-desktop\user\documents\github\retroduke\win\game\debugvc7\actors.sbr
d:\prv-desktop\user\documents\github\retroduke\win\game\debugvc7\animlib.sbr
d:\prv-desktop\user\documents\github\retroduke\win\game\debugvc7\config.sbr
d:\prv-desktop\user\documents\github\retroduke\win\game\debugvc7\control.sbr
d:\prv-desktop\user\documents\github\retroduke\win\game\debugvc7\game.sbr
d:\prv-desktop\user\documents\github\retroduke\win\game\debugvc7\gamedef.sbr
d:\prv-desktop\user\documents\github\retroduke\win\game\debugvc7\global.sbr
d:\prv-desktop\user\documents\github\retroduke\win\game\debugvc7\keyboard.sbr
d:\prv-desktop\user\documents\github\retroduke\win\game\debugvc7\menues.sbr
d:\prv-desktop\user\documents\github\retroduke\win\game\debugvc7\sdl_midi.sbr
d:\prv-desktop\user\documents\github\retroduke\win\game\debugvc7\player.sbr
d:\prv-desktop\user\documents\github\retroduke\win\game\debugvc7\premap.sbr
d:\prv-desktop\user\documents\github\retroduke\win\game\debugvc7\rts.sbr
d:\prv-desktop\user\documents\github\retroduke\win\game\debugvc7\scriplib.sbr
d:\prv-desktop\user\documents\github\retroduke\win\game\debugvc7\sector.sbr
d:\prv-desktop\user\documents\github\retroduke\win\game\debugvc7\sounds.sbr
d:\prv-desktop\user\documents\github\retroduke\win\game\debugvc7\dsl.sbr
d:\prv-desktop\user\documents\github\retroduke\win\game\debugvc7\ll_man.sbr
d:\prv-desktop\user\documents\github\retroduke\win\game\debugvc7\multivoc.sbr
d:\prv-desktop\user\documents\github\retroduke\win\game\debugvc7\mv_mix.sbr
d:\prv-desktop\user\documents\github\retroduke\win\game\debugvc7\mv_mix.obj
d:\prv-desktop\user\documents\github\retroduke\win\game\debugvc7\multivoc.obj
d:\prv-desktop\user\documents\github\retroduke\win\game\debugvc7\ll_man.obj
d:\prv-desktop\user\documents\github\retroduke\win\game\debugvc7\dsl.obj
d:\prv-desktop\user\documents\github\retroduke\win\game\debugvc7\sounds.obj
d:\prv-desktop\user\documents\github\retroduke\win\game\debugvc7\sector.obj
d:\prv-desktop\user\documents\github\retroduke\win\game\debugvc7\scriplib.obj
d:\prv-desktop\user\documents\github\retroduke\win\game\debugvc7\rts.obj
d:\prv-desktop\user\documents\github\retroduke\win\game\debugvc7\premap.obj
d:\prv-desktop\user\documents\github\retroduke\win\game\debugvc7\player.obj
d:\prv-desktop\user\documents\github\retroduke\win\game\debugvc7\sdl_midi.obj
d:\prv-desktop\user\documents\github\retroduke\win\game\debugvc7\menues.obj
d:\prv-desktop\user\documents\github\retroduke\win\game\debugvc7\keyboard.obj
d:\prv-desktop\user\documents\github\retroduke\win\game\debugvc7\global.obj
d:\prv-desktop\user\documents\github\retroduke\win\game\debugvc7\gamedef.obj
d:\prv-desktop\user\documents\github\retroduke\win\game\debugvc7\game.obj
d:\prv-desktop\user\documents\github\retroduke\win\game\debugvc7\control.obj
d:\prv-desktop\user\documents\github\retroduke\win\game\debugvc7\config.obj
d:\prv-desktop\user\documents\github\retroduke\win\game\debugvc7\animlib.obj
d:\prv-desktop\user\documents\github\retroduke\win\game\debugvc7\actors.obj
d:\prv-desktop\user\documents\github\retroduke\win\game\debugvc7\mvreverb.sbr
d:\prv-desktop\user\documents\github\retroduke\win\game\debugvc7\nodpmi.sbr
d:\prv-desktop\user\documents\github\retroduke\win\game\debugvc7\pitch.sbr
d:\prv-desktop\user\documents\github\retroduke\win\game\debugvc7\user.sbr
d:\prv-desktop\user\documents\github\retroduke\win\game\debugvc7\console.sbr
d:\prv-desktop\user\documents\github\retroduke\win\game\debugvc7\cvar_defs.sbr
d:\prv-desktop\user\documents\github\retroduke\win\game\debugvc7\cvars.sbr
d:\prv-desktop\user\documents\github\retroduke\win\game\debugvc7\cvars.obj
d:\prv-desktop\user\documents\github\retroduke\win\game\debugvc7\cvar_defs.obj
d:\prv-desktop\user\documents\github\retroduke\win\game\debugvc7\console.obj
d:\prv-desktop\user\documents\github\retroduke\win\game\debugvc7\user.obj
d:\prv-desktop\user\documents\github\retroduke\win\game\debugvc7\pitch.obj
d:\prv-desktop\user\documents\github\retroduke\win\game\debugvc7\nodpmi.obj
d:\prv-desktop\user\documents\github\retroduke\win\game\debugvc7\mvreverb.obj
d:\prv-desktop\user\documents\github\retroduke\win\game\debugvc7\fx_man.sbr
d:\prv-desktop\user\documents\github\retroduke\win\game\debugvc7\fx_man1.obj
d:\prv-desktop\user\documents\github\retroduke\win\bin\duke3d.exe
d:\prv-desktop\user\documents\github\retroduke\win\bin\duke3d.ilk
d:\prv-desktop\user\documents\github\retroduke\win\bin\game.pdb
d:\prv-desktop\user\documents\github\retroduke\win\game\debugvc7\chocolatedukeresources.res
d:\prv-desktop\user\documents\github\retroduke\win\game\debugvc7\game.tlog\bscmake.command.1.tlog
d:\prv-desktop\user\documents\github\retroduke\win\game\debugvc7\game.tlog\bscmake.read.1.tlog
d:\prv-desktop\user\documents\github\retroduke\win\game\debugvc7\game.tlog\bscmake.write.1.tlog
d:\prv-desktop\user\documents\github\retroduke\win\game\debugvc7\game.tlog\cl.command.1.tlog
d:\prv-desktop\user\documents\github\retroduke\win\game\debugvc7\game.tlog\cl.read.1.tlog
d:\prv-desktop\user\documents\github\retroduke\win\game\debugvc7\game.tlog\cl.write.1.tlog
d:\prv-desktop\user\documents\github\retroduke\win\game\debugvc7\game.tlog\link.command.1.tlog
d:\prv-desktop\user\documents\github\retroduke\win\game\debugvc7\game.tlog\link.read.1.tlog
d:\prv-desktop\user\documents\github\retroduke\win\game\debugvc7\game.tlog\link.write.1.tlog
d:\prv-desktop\user\documents\github\retroduke\win\game\debugvc7\game.tlog\rc.command.1.tlog
d:\prv-desktop\user\documents\github\retroduke\win\game\debugvc7\game.tlog\rc.read.1.tlog
d:\prv-desktop\user\documents\github\retroduke\win\game\debugvc7\game.tlog\rc.write.1.tlog
