d:\prv-desktop\user\documents\github\retroduke\win\engine\debugvc7\engine.bsc
d:\prv-desktop\user\documents\github\retroduke\win\engine\debugvc7\engine.pdb
d:\prv-desktop\user\documents\github\retroduke\win\engine\debugvc7\engine.idb
d:\prv-desktop\user\documents\github\retroduke\win\engine\debugvc7\cache.sbr
d:\prv-desktop\user\documents\github\retroduke\win\engine\debugvc7\display.sbr
d:\prv-desktop\user\documents\github\retroduke\win\engine\debugvc7\draw.sbr
d:\prv-desktop\user\documents\github\retroduke\win\engine\debugvc7\engine.sbr
d:\prv-desktop\user\documents\github\retroduke\win\engine\debugvc7\filesystem.sbr
d:\prv-desktop\user\documents\github\retroduke\win\engine\debugvc7\fixedpoint_math.sbr
d:\prv-desktop\user\documents\github\retroduke\win\engine\debugvc7\mmulti.sbr
d:\prv-desktop\user\documents\github\retroduke\win\engine\debugvc7\host.sbr
d:\prv-desktop\user\documents\github\retroduke\win\engine\debugvc7\list.sbr
d:\prv-desktop\user\documents\github\retroduke\win\engine\debugvc7\packet.sbr
d:\prv-desktop\user\documents\github\retroduke\win\engine\debugvc7\peer.sbr
d:\prv-desktop\user\documents\github\retroduke\win\engine\debugvc7\protocol.sbr
d:\prv-desktop\user\documents\github\retroduke\win\engine\debugvc7\unix.sbr
d:\prv-desktop\user\documents\github\retroduke\win\engine\debugvc7\win32.sbr
d:\prv-desktop\user\documents\github\retroduke\win\engine\debugvc7\network.sbr
d:\prv-desktop\user\documents\github\retroduke\win\engine\debugvc7\tiles.sbr
d:\prv-desktop\user\documents\github\retroduke\win\engine\debugvc7\tiles.obj
d:\prv-desktop\user\documents\github\retroduke\win\engine\debugvc7\network.obj
d:\prv-desktop\user\documents\github\retroduke\win\engine\debugvc7\win32.obj
d:\prv-desktop\user\documents\github\retroduke\win\engine\debugvc7\unix.obj
d:\prv-desktop\user\documents\github\retroduke\win\engine\debugvc7\protocol.obj
d:\prv-desktop\user\documents\github\retroduke\win\engine\debugvc7\peer.obj
d:\prv-desktop\user\documents\github\retroduke\win\engine\debugvc7\packet.obj
d:\prv-desktop\user\documents\github\retroduke\win\engine\debugvc7\list.obj
d:\prv-desktop\user\documents\github\retroduke\win\engine\debugvc7\host.obj
d:\prv-desktop\user\documents\github\retroduke\win\engine\debugvc7\mmulti.obj
d:\prv-desktop\user\documents\github\retroduke\win\engine\debugvc7\fixedpoint_math.obj
d:\prv-desktop\user\documents\github\retroduke\win\engine\debugvc7\filesystem.obj
d:\prv-desktop\user\documents\github\retroduke\win\engine\debugvc7\engine.obj
d:\prv-desktop\user\documents\github\retroduke\win\engine\debugvc7\draw.obj
d:\prv-desktop\user\documents\github\retroduke\win\engine\debugvc7\display.obj
d:\prv-desktop\user\documents\github\retroduke\win\engine\debugvc7\cache.obj
d:\prv-desktop\user\documents\github\retroduke\win\engine\debugvc7\mmulti_stable.sbr
d:\prv-desktop\user\documents\github\retroduke\win\engine\debugvc7\mmulti_stable.obj
d:\prv-desktop\user\documents\github\retroduke\win\engine\debugvc7\engine.lib
d:\prv-desktop\user\documents\github\retroduke\win\engine\debugvc7\engine.tlog\bscmake.command.1.tlog
d:\prv-desktop\user\documents\github\retroduke\win\engine\debugvc7\engine.tlog\bscmake.read.1.tlog
d:\prv-desktop\user\documents\github\retroduke\win\engine\debugvc7\engine.tlog\bscmake.write.1.tlog
d:\prv-desktop\user\documents\github\retroduke\win\engine\debugvc7\engine.tlog\cl.command.1.tlog
d:\prv-desktop\user\documents\github\retroduke\win\engine\debugvc7\engine.tlog\cl.read.1.tlog
d:\prv-desktop\user\documents\github\retroduke\win\engine\debugvc7\engine.tlog\cl.write.1.tlog
d:\prv-desktop\user\documents\github\retroduke\win\engine\debugvc7\engine.tlog\lib-link.read.1.tlog
d:\prv-desktop\user\documents\github\retroduke\win\engine\debugvc7\engine.tlog\lib-link.write.1.tlog
d:\prv-desktop\user\documents\github\retroduke\win\engine\debugvc7\engine.tlog\lib.command.1.tlog
